Flow report for max2
Wed Jul 27 19:42:50 2011
Quartus II Version 9.1 Build 222 10/21/2009 SJ Full Version


---------------------
; Table of Contents ;
---------------------
  1. Legal Notice
  2. Flow Summary
  3. Flow Settings
  4. Flow Non-Default Global Settings
  5. Flow Elapsed Time
  6. Flow OS Summary
  7. Flow Log



----------------
; Legal Notice ;
----------------
Copyright (C) 1991-2009 Altera Corporation
Your use of Altera Corporation's design tools, logic functions 
and other software and tools, and its AMPP partner logic 
functions, and any output files from any of the foregoing 
(including device programming or simulation files), and any 
associated documentation or information are expressly subject 
to the terms and conditions of the Altera Program License 
Subscription Agreement, Altera MegaCore Function License 
Agreement, or other applicable license agreement, including, 
without limitation, that your use is for the sole purpose of 
programming logic devices manufactured by Altera and sold by 
Altera or its authorized distributors.  Please refer to the 
applicable agreement for further details.



+--------------------------------------------------------------------+
; Flow Summary                                                       ;
+-------------------------+------------------------------------------+
; Flow Status             ; Successful - Wed Jul 27 19:42:50 2011    ;
; Quartus II Version      ; 9.1 Build 222 10/21/2009 SJ Full Version ;
; Revision Name           ; max2                                     ;
; Top-level Entity Name   ; max2                                     ;
; Family                  ; MAX7000S                                 ;
; Device                  ; EPM7128SLC84-10                          ;
; Timing Models           ; Final                                    ;
; Met timing requirements ; Yes                                      ;
; Total macrocells        ; 115 / 128 ( 90 % )                       ;
; Total pins              ; 22 / 68 ( 32 % )                         ;
+-------------------------+------------------------------------------+


+-----------------------------------------+
; Flow Settings                           ;
+-------------------+---------------------+
; Option            ; Setting             ;
+-------------------+---------------------+
; Start date & time ; 07/27/2011 19:42:26 ;
; Main task         ; Compilation         ;
; Revision Name     ; max2                ;
+-------------------+---------------------+


+--------------------------------------------------------------------------------------------------------------------------------------------+
; Flow Non-Default Global Settings                                                                                                           ;
+------------------------------------+---------------------------------------------+------------------------------+-------------+------------+
; Assignment Name                    ; Value                                       ; Default Value                ; Entity Name ; Section Id ;
+------------------------------------+---------------------------------------------+------------------------------+-------------+------------+
; COMPILER_SIGNATURE_ID              ; 146388218793.131177414504680                ; --                           ; --          ; --         ;
; FITTER_EFFORT                      ; Standard Fit                                ; Auto Fit                     ; --          ; --         ;
; INCREMENTAL_COMPILATION            ; Off                                         ; FULL_INCREMENTAL_COMPILATION ; --          ; --         ;
; MAX7000_OPTIMIZATION_TECHNIQUE     ; Balanced                                    ; Speed                        ; --          ; --         ;
; MISC_FILE                          ; C:/altera/91sp2/quartus/my/fmeter2/max2.dpf ; --                           ; --          ; --         ;
; MISC_FILE                          ; C:/altera/91/quartus/my/fmeter2/max2.dpf    ; --                           ; --          ; --         ;
; OPTIMIZE_HOLD_TIMING               ; Off                                         ; --                           ; --          ; --         ;
; SYNTH_TIMING_DRIVEN_SYNTHESIS      ; Off                                         ; --                           ; --          ; --         ;
; USE_GENERATED_PHYSICAL_CONSTRAINTS ; Off                                         ; --                           ; --          ; eda_palace ;
+------------------------------------+---------------------------------------------+------------------------------+-------------+------------+


+-----------------------------------------------------------------------------------------------------------------------------+
; Flow Elapsed Time                                                                                                           ;
+-------------------------+--------------+-------------------------+---------------------+------------------------------------+
; Module Name             ; Elapsed Time ; Average Processors Used ; Peak Virtual Memory ; Total CPU Time (on all processors) ;
+-------------------------+--------------+-------------------------+---------------------+------------------------------------+
; Analysis & Synthesis    ; 00:00:18     ; 1.0                     ; 201 MB              ; 00:00:10                           ;
; Fitter                  ; 00:00:01     ; 1.0                     ; 163 MB              ; 00:00:01                           ;
; Assembler               ; 00:00:02     ; 1.0                     ; 154 MB              ; 00:00:00                           ;
; Classic Timing Analyzer ; 00:00:01     ; 1.0                     ; 138 MB              ; 00:00:01                           ;
; Total                   ; 00:00:22     ; --                      ; --                  ; 00:00:12                           ;
+-------------------------+--------------+-------------------------+---------------------+------------------------------------+


+------------------------------------------------------------------------------------------+
; Flow OS Summary                                                                          ;
+-------------------------+------------------+---------------+------------+----------------+
; Module Name             ; Machine Hostname ; OS Name       ; OS Version ; Processor type ;
+-------------------------+------------------+---------------+------------+----------------+
; Analysis & Synthesis    ; Онуфрович-ПК     ; Windows Vista ; 6.1        ; i686           ;
; Fitter                  ; Онуфрович-ПК     ; Windows Vista ; 6.1        ; i686           ;
; Assembler               ; Онуфрович-ПК     ; Windows Vista ; 6.1        ; i686           ;
; Classic Timing Analyzer ; Онуфрович-ПК     ; Windows Vista ; 6.1        ; i686           ;
+-------------------------+------------------+---------------+------------+----------------+


------------
; Flow Log ;
------------
quartus_map --read_settings_files=on --write_settings_files=off max2 -c max2
quartus_fit --read_settings_files=off --write_settings_files=off max2 -c max2
quartus_asm --read_settings_files=off --write_settings_files=off max2 -c max2
quartus_tan --read_settings_files=off --write_settings_files=off max2 -c max2



