Analysis & Synthesis report for max2
Wed Jul 27 19:42:42 2011
Quartus II Version 9.1 Build 222 10/21/2009 SJ Full Version


---------------------
; Table of Contents ;
---------------------
  1. Legal Notice
  2. Analysis & Synthesis Summary
  3. Analysis & Synthesis Settings
  4. Parallel Compilation
  5. Analysis & Synthesis Source Files Read
  6. Analysis & Synthesis Resource Usage Summary
  7. Analysis & Synthesis Resource Utilization by Entity
  8. Registers Removed During Synthesis
  9. Source assignments for LPM_COUNTER:inst20
 10. Source assignments for LPM_COUNTER:inst20|lpm_add_sub:add_sub|addcore:adder[2]
 11. Source assignments for LPM_COUNTER:inst20|lpm_add_sub:add_sub|addcore:adder[1]
 12. Source assignments for LPM_COUNTER:inst20|lpm_add_sub:add_sub|addcore:adder[0]
 13. Source assignments for LPM_COUNTER:inst38
 14. Source assignments for LPM_COUNTER:inst42
 15. Source assignments for LPM_COUNTER:inst42|lpm_add_sub:add_sub|addcore:adder
 16. Source assignments for LPM_COUNTER:inst42|lpm_add_sub:add_sub|addcore:adder|addcore:adder[0]
 17. Source assignments for LPM_COUNTER:inst22
 18. Source assignments for LPM_COUNTER:inst22|lpm_add_sub:add_sub|addcore:adder
 19. Source assignments for LPM_COUNTER:inst22|lpm_add_sub:add_sub|addcore:adder|addcore:adder[0]
 20. Source assignments for LPM_COUNTER:inst23
 21. Source assignments for LPM_COUNTER:inst23|lpm_add_sub:add_sub|addcore:adder
 22. Source assignments for LPM_COUNTER:inst23|lpm_add_sub:add_sub|addcore:adder|addcore:adder[0]
 23. Source assignments for LPM_COUNTER:inst24
 24. Source assignments for LPM_COUNTER:inst24|lpm_add_sub:add_sub|addcore:adder
 25. Source assignments for LPM_COUNTER:inst24|lpm_add_sub:add_sub|addcore:adder|addcore:adder[0]
 26. Source assignments for LPM_COUNTER:inst25
 27. Source assignments for LPM_COUNTER:inst25|lpm_add_sub:add_sub|addcore:adder
 28. Source assignments for LPM_COUNTER:inst25|lpm_add_sub:add_sub|addcore:adder|addcore:adder[0]
 29. Source assignments for LPM_COUNTER:inst26
 30. Source assignments for LPM_COUNTER:inst26|lpm_add_sub:add_sub|addcore:adder
 31. Source assignments for LPM_COUNTER:inst26|lpm_add_sub:add_sub|addcore:adder|addcore:adder[0]
 32. Source assignments for LPM_COUNTER:inst27
 33. Source assignments for LPM_COUNTER:inst27|lpm_add_sub:add_sub|addcore:adder
 34. Source assignments for LPM_COUNTER:inst27|lpm_add_sub:add_sub|addcore:adder|addcore:adder[0]
 35. Source assignments for LPM_COUNTER:inst21
 36. Source assignments for LPM_COUNTER:inst21|lpm_add_sub:add_sub|addcore:adder
 37. Source assignments for LPM_COUNTER:inst21|lpm_add_sub:add_sub|addcore:adder|addcore:adder[0]
 38. Parameter Settings for User Entity Instance: LPM_MUX:inst13
 39. Parameter Settings for User Entity Instance: LPM_DFF:inst15
 40. Parameter Settings for User Entity Instance: MUX:inst5
 41. Parameter Settings for User Entity Instance: LPM_COUNTER:inst20
 42. Parameter Settings for User Entity Instance: LPM_COUNTER:inst38
 43. Parameter Settings for User Entity Instance: LPM_COUNTER:inst42
 44. Parameter Settings for User Entity Instance: LPM_COUNTER:inst22
 45. Parameter Settings for User Entity Instance: MUX:inst2
 46. Parameter Settings for User Entity Instance: LPM_COUNTER:inst23
 47. Parameter Settings for User Entity Instance: LPM_COUNTER:inst24
 48. Parameter Settings for User Entity Instance: LPM_COUNTER:inst25
 49. Parameter Settings for User Entity Instance: LPM_COUNTER:inst26
 50. Parameter Settings for User Entity Instance: LPM_COUNTER:inst27
 51. Parameter Settings for User Entity Instance: LPM_COUNTER:inst21
 52. Parameter Settings for User Entity Instance: LPM_DECODE:inst3
 53. Analysis & Synthesis Messages



----------------
; Legal Notice ;
----------------
Copyright (C) 1991-2009 Altera Corporation
Your use of Altera Corporation's design tools, logic functions 
and other software and tools, and its AMPP partner logic 
functions, and any output files from any of the foregoing 
(including device programming or simulation files), and any 
associated documentation or information are expressly subject 
to the terms and conditions of the Altera Program License 
Subscription Agreement, Altera MegaCore Function License 
Agreement, or other applicable license agreement, including, 
without limitation, that your use is for the sole purpose of 
programming logic devices manufactured by Altera and sold by 
Altera or its authorized distributors.  Please refer to the 
applicable agreement for further details.



+------------------------------------------------------------------------+
; Analysis & Synthesis Summary                                           ;
+-----------------------------+------------------------------------------+
; Analysis & Synthesis Status ; Successful - Wed Jul 27 19:42:42 2011    ;
; Quartus II Version          ; 9.1 Build 222 10/21/2009 SJ Full Version ;
; Revision Name               ; max2                                     ;
; Top-level Entity Name       ; max2                                     ;
; Family                      ; MAX7000S                                 ;
; Total macrocells            ; 115                                      ;
; Total pins                  ; 18                                       ;
+-----------------------------+------------------------------------------+


+--------------------------------------------------------------------------------------------------------------+
; Analysis & Synthesis Settings                                                                                ;
+----------------------------------------------------------------------------+-----------------+---------------+
; Option                                                                     ; Setting         ; Default Value ;
+----------------------------------------------------------------------------+-----------------+---------------+
; Device                                                                     ; EPM7128SLC84-10 ;               ;
; Top-level entity name                                                      ; max2            ; max2          ;
; Family name                                                                ; MAX7000S        ; Stratix II    ;
; Optimization Technique                                                     ; Balanced        ; Speed         ;
; Use Generated Physical Constraints File                                    ; Off             ;               ;
; Use smart compilation                                                      ; Off             ; Off           ;
; Enable parallel Assembler and TimeQuest Timing Analyzer during compilation ; On              ; On            ;
; Enable compact report table                                                ; Off             ; Off           ;
; Create Debugging Nodes for IP Cores                                        ; Off             ; Off           ;
; Preserve fewer node names                                                  ; On              ; On            ;
; Disable OpenCore Plus hardware evaluation                                  ; Off             ; Off           ;
; Verilog Version                                                            ; Verilog_2001    ; Verilog_2001  ;
; VHDL Version                                                               ; VHDL_1993       ; VHDL_1993     ;
; State Machine Processing                                                   ; Auto            ; Auto          ;
; Safe State Machine                                                         ; Off             ; Off           ;
; Extract Verilog State Machines                                             ; On              ; On            ;
; Extract VHDL State Machines                                                ; On              ; On            ;
; Ignore Verilog initial constructs                                          ; Off             ; Off           ;
; Iteration limit for constant Verilog loops                                 ; 5000            ; 5000          ;
; Iteration limit for non-constant Verilog loops                             ; 250             ; 250           ;
; Add Pass-Through Logic to Inferred RAMs                                    ; On              ; On            ;
; Parallel Synthesis                                                         ; Off             ; Off           ;
; NOT Gate Push-Back                                                         ; On              ; On            ;
; Power-Up Don't Care                                                        ; On              ; On            ;
; Remove Duplicate Registers                                                 ; On              ; On            ;
; Ignore CARRY Buffers                                                       ; Off             ; Off           ;
; Ignore CASCADE Buffers                                                     ; Off             ; Off           ;
; Ignore GLOBAL Buffers                                                      ; Off             ; Off           ;
; Ignore ROW GLOBAL Buffers                                                  ; Off             ; Off           ;
; Ignore LCELL Buffers                                                       ; Auto            ; Auto          ;
; Ignore SOFT Buffers                                                        ; Off             ; Off           ;
; Limit AHDL Integers to 32 Bits                                             ; Off             ; Off           ;
; Allow XOR Gate Usage                                                       ; On              ; On            ;
; Auto Logic Cell Insertion                                                  ; On              ; On            ;
; Parallel Expander Chain Length                                             ; 4               ; 4             ;
; Auto Parallel Expanders                                                    ; On              ; On            ;
; Auto Open-Drain Pins                                                       ; On              ; On            ;
; Auto Resource Sharing                                                      ; Off             ; Off           ;
; Maximum Fan-in Per Macrocell                                               ; 100             ; 100           ;
; Use LogicLock Constraints during Resource Balancing                        ; On              ; On            ;
; Ignore translate_off and synthesis_off directives                          ; Off             ; Off           ;
; Show Parameter Settings Tables in Synthesis Report                         ; On              ; On            ;
; HDL message level                                                          ; Level2          ; Level2        ;
; Suppress Register Optimization Related Messages                            ; Off             ; Off           ;
; Number of Removed Registers Reported in Synthesis Report                   ; 5000            ; 5000          ;
; Number of Inverted Registers Reported in Synthesis Report                  ; 100             ; 100           ;
; Block Design Naming                                                        ; Auto            ; Auto          ;
; Synthesis Effort                                                           ; Auto            ; Auto          ;
; Shift Register Replacement - Allow Asynchronous Clear Signal               ; On              ; On            ;
; Analysis & Synthesis Message Level                                         ; Medium          ; Medium        ;
; Disable Register Merging Across Hierarchies                                ; Auto            ; Auto          ;
+----------------------------------------------------------------------------+-----------------+---------------+


+------------------------------------------+
; Parallel Compilation                     ;
+----------------------------+-------------+
; Processors                 ; Number      ;
+----------------------------+-------------+
; Number detected on machine ; 2           ;
; Maximum allowed            ; 2           ;
;                            ;             ;
; Average used               ; 1.00        ;
; Maximum used               ; 1           ;
;                            ;             ;
; Usage by Processor         ; % Time Used ;
;     1 processor            ; 100.0%      ;
;     2 processors           ;   0.0%      ;
+----------------------------+-------------+


+---------------------------------------------------------------------------------------------------------------------------------------------------------+
; Analysis & Synthesis Source Files Read                                                                                                                  ;
+----------------------------------+-----------------+------------------------------------+---------------------------------------------------------------+
; File Name with User-Entered Path ; Used in Netlist ; File Type                          ; File Name with Absolute Path                                  ;
+----------------------------------+-----------------+------------------------------------+---------------------------------------------------------------+
; max2.bdf                         ; yes             ; User Block Diagram/Schematic File  ; C:/altera/91/quartus/my/fmeter2/max2.bdf                      ;
; decimal_indicator.v              ; yes             ; User Verilog HDL File              ; C:/altera/91/quartus/my/fmeter2/decimal_indicator.v           ;
; lpm_mux.tdf                      ; yes             ; Megafunction                       ; c:/altera/91/quartus/libraries/megafunctions/lpm_mux.tdf      ;
; bypassff.tdf                     ; yes             ; Megafunction                       ; c:/altera/91/quartus/libraries/megafunctions/bypassff.tdf     ;
; altshift.tdf                     ; yes             ; Megafunction                       ; c:/altera/91/quartus/libraries/megafunctions/altshift.tdf     ;
; muxlut.tdf                       ; yes             ; Megafunction                       ; c:/altera/91/quartus/libraries/megafunctions/muxlut.tdf       ;
; lpm_dff.tdf                      ; yes             ; Megafunction                       ; c:/altera/91/quartus/libraries/megafunctions/lpm_dff.tdf      ;
; mux.tdf                          ; yes             ; Megafunction                       ; c:/altera/91/quartus/libraries/megafunctions/mux.tdf          ;
; lpm_counter.tdf                  ; yes             ; Megafunction                       ; c:/altera/91/quartus/libraries/megafunctions/lpm_counter.tdf  ;
; lpm_add_sub.tdf                  ; yes             ; Megafunction                       ; c:/altera/91/quartus/libraries/megafunctions/lpm_add_sub.tdf  ;
; addcore.tdf                      ; yes             ; Megafunction                       ; c:/altera/91/quartus/libraries/megafunctions/addcore.tdf      ;
; a_csnbuffer.tdf                  ; yes             ; Megafunction                       ; c:/altera/91/quartus/libraries/megafunctions/a_csnbuffer.tdf  ;
; look_add.tdf                     ; yes             ; Megafunction                       ; c:/altera/91/quartus/libraries/megafunctions/look_add.tdf     ;
; lpm_constant.tdf                 ; yes             ; Megafunction                       ; c:/altera/91/quartus/libraries/megafunctions/lpm_constant.tdf ;
; cmpconst.tdf                     ; yes             ; Megafunction                       ; c:/altera/91/quartus/libraries/megafunctions/cmpconst.tdf     ;
; lpm_decode.tdf                   ; yes             ; Megafunction                       ; c:/altera/91/quartus/libraries/megafunctions/lpm_decode.tdf   ;
; db/decode_tre.tdf                ; yes             ; Auto-Generated Megafunction        ; C:/altera/91/quartus/my/fmeter2/db/decode_tre.tdf             ;
; db/cmpr_3mc.tdf                  ; yes             ; Auto-Generated Megafunction        ; C:/altera/91/quartus/my/fmeter2/db/cmpr_3mc.tdf               ;
+----------------------------------+-----------------+------------------------------------+---------------------------------------------------------------+


+---------------------------------------------+
; Analysis & Synthesis Resource Usage Summary ;
+----------------------+----------------------+
; Resource             ; Usage                ;
+----------------------+----------------------+
; Logic cells          ; 115                  ;
; Total registers      ; 82                   ;
; I/O pins             ; 18                   ;
; Shareable expanders  ; 4                    ;
; Parallel expanders   ; 8                    ;
; Maximum fan-out node ; pt_right             ;
; Maximum fan-out      ; 79                   ;
; Total fan-out        ; 1728                 ;
; Average fan-out      ; 12.61                ;
+----------------------+----------------------+


+----------------------------------------------------------------------------------------------------------------------------------------+
; Analysis & Synthesis Resource Utilization by Entity                                                                                    ;
+-----------------------------------+------------+------+-----------------------------------------------------------------+--------------+
; Compilation Hierarchy Node        ; Macrocells ; Pins ; Full Hierarchy Name                                             ; Library Name ;
+-----------------------------------+------------+------+-----------------------------------------------------------------+--------------+
; |max2                             ; 115        ; 18   ; |max2                                                           ; work         ;
;    |decimal_indicator:inst8|      ; 15         ; 0    ; |max2|decimal_indicator:inst8                                   ; work         ;
;    |lpm_counter:inst20|           ; 17         ; 0    ; |max2|lpm_counter:inst20                                        ; work         ;
;       |cmpconst:$00036|           ; 0          ; 0    ; |max2|lpm_counter:inst20|cmpconst:$00036                        ; work         ;
;    |lpm_counter:inst21|           ; 3          ; 0    ; |max2|lpm_counter:inst21                                        ; work         ;
;    |lpm_counter:inst22|           ; 4          ; 0    ; |max2|lpm_counter:inst22                                        ; work         ;
;    |lpm_counter:inst23|           ; 4          ; 0    ; |max2|lpm_counter:inst23                                        ; work         ;
;    |lpm_counter:inst24|           ; 4          ; 0    ; |max2|lpm_counter:inst24                                        ; work         ;
;    |lpm_counter:inst25|           ; 4          ; 0    ; |max2|lpm_counter:inst25                                        ; work         ;
;    |lpm_counter:inst26|           ; 4          ; 0    ; |max2|lpm_counter:inst26                                        ; work         ;
;    |lpm_counter:inst27|           ; 4          ; 0    ; |max2|lpm_counter:inst27                                        ; work         ;
;    |lpm_counter:inst38|           ; 2          ; 0    ; |max2|lpm_counter:inst38                                        ; work         ;
;    |lpm_counter:inst42|           ; 7          ; 0    ; |max2|lpm_counter:inst42                                        ; work         ;
;    |lpm_decode:inst3|             ; 6          ; 0    ; |max2|lpm_decode:inst3                                          ; work         ;
;       |decode_tre:auto_generated| ; 6          ; 0    ; |max2|lpm_decode:inst3|decode_tre:auto_generated                ; work         ;
;          |cmpr_3mc:cmpr6|         ; 6          ; 0    ; |max2|lpm_decode:inst3|decode_tre:auto_generated|cmpr_3mc:cmpr6 ; work         ;
;    |lpm_dff:inst15|               ; 24         ; 0    ; |max2|lpm_dff:inst15                                            ; work         ;
;    |lpm_mux:inst13|               ; 8          ; 0    ; |max2|lpm_mux:inst13                                            ; work         ;
;       |muxlut:$00010|             ; 2          ; 0    ; |max2|lpm_mux:inst13|muxlut:$00010                              ; work         ;
;          |muxlut:$00016|          ; 2          ; 0    ; |max2|lpm_mux:inst13|muxlut:$00010|muxlut:$00016                ; work         ;
;       |muxlut:$00012|             ; 2          ; 0    ; |max2|lpm_mux:inst13|muxlut:$00012                              ; work         ;
;          |muxlut:$00016|          ; 2          ; 0    ; |max2|lpm_mux:inst13|muxlut:$00012|muxlut:$00016                ; work         ;
;       |muxlut:$00014|             ; 2          ; 0    ; |max2|lpm_mux:inst13|muxlut:$00014                              ; work         ;
;          |muxlut:$00016|          ; 2          ; 0    ; |max2|lpm_mux:inst13|muxlut:$00014|muxlut:$00016                ; work         ;
;       |muxlut:$00016|             ; 2          ; 0    ; |max2|lpm_mux:inst13|muxlut:$00016                              ; work         ;
;          |muxlut:$00016|          ; 2          ; 0    ; |max2|lpm_mux:inst13|muxlut:$00016|muxlut:$00016                ; work         ;
;    |mux:inst5|                    ; 2          ; 0    ; |max2|mux:inst5                                                 ; work         ;
;       |lpm_mux:$00001|            ; 2          ; 0    ; |max2|mux:inst5|lpm_mux:$00001                                  ; work         ;
;          |muxlut:$00009|          ; 2          ; 0    ; |max2|mux:inst5|lpm_mux:$00001|muxlut:$00009                    ; work         ;
+-----------------------------------+------------+------+-----------------------------------------------------------------+--------------+


+--------------------------------------------------------------------------------+
; Registers Removed During Synthesis                                             ;
+---------------------------------------+----------------------------------------+
; Register name                         ; Reason for Removal                     ;
+---------------------------------------+----------------------------------------+
; lpm_dff:inst15|dffs[24..31]           ; Stuck at GND due to stuck port data_in ;
; lpm_counter:inst38|dffs[0]            ; Merged with lpm_counter:inst21|dffs[0] ;
; Total Number of Removed Registers = 9 ;                                        ;
+---------------------------------------+----------------------------------------+


+-----------------------------------------------+
; Source assignments for LPM_COUNTER:inst20     ;
+---------------------------+-------+------+----+
; Assignment                ; Value ; From ; To ;
+---------------------------+-------+------+----+
; SUPPRESS_DA_RULE_INTERNAL ; a101  ; -    ; -  ;
; SUPPRESS_DA_RULE_INTERNAL ; s102  ; -    ; -  ;
; SUPPRESS_DA_RULE_INTERNAL ; s103  ; -    ; -  ;
+---------------------------+-------+------+----+


+--------------------------------------------------------------------------------+
; Source assignments for LPM_COUNTER:inst20|lpm_add_sub:add_sub|addcore:adder[2] ;
+---------------------------+-------+------+-------------------------------------+
; Assignment                ; Value ; From ; To                                  ;
+---------------------------+-------+------+-------------------------------------+
; SUPPRESS_DA_RULE_INTERNAL ; A103  ; -    ; -                                   ;
+---------------------------+-------+------+-------------------------------------+


+--------------------------------------------------------------------------------+
; Source assignments for LPM_COUNTER:inst20|lpm_add_sub:add_sub|addcore:adder[1] ;
+---------------------------+-------+------+-------------------------------------+
; Assignment                ; Value ; From ; To                                  ;
+---------------------------+-------+------+-------------------------------------+
; SUPPRESS_DA_RULE_INTERNAL ; A103  ; -    ; -                                   ;
+---------------------------+-------+------+-------------------------------------+


+--------------------------------------------------------------------------------+
; Source assignments for LPM_COUNTER:inst20|lpm_add_sub:add_sub|addcore:adder[0] ;
+---------------------------+-------+------+-------------------------------------+
; Assignment                ; Value ; From ; To                                  ;
+---------------------------+-------+------+-------------------------------------+
; SUPPRESS_DA_RULE_INTERNAL ; A103  ; -    ; -                                   ;
+---------------------------+-------+------+-------------------------------------+


+-----------------------------------------------+
; Source assignments for LPM_COUNTER:inst38     ;
+---------------------------+-------+------+----+
; Assignment                ; Value ; From ; To ;
+---------------------------+-------+------+----+
; SUPPRESS_DA_RULE_INTERNAL ; a101  ; -    ; -  ;
; SUPPRESS_DA_RULE_INTERNAL ; s102  ; -    ; -  ;
; SUPPRESS_DA_RULE_INTERNAL ; s103  ; -    ; -  ;
+---------------------------+-------+------+----+


+-----------------------------------------------+
; Source assignments for LPM_COUNTER:inst42     ;
+---------------------------+-------+------+----+
; Assignment                ; Value ; From ; To ;
+---------------------------+-------+------+----+
; SUPPRESS_DA_RULE_INTERNAL ; a101  ; -    ; -  ;
; SUPPRESS_DA_RULE_INTERNAL ; s102  ; -    ; -  ;
; SUPPRESS_DA_RULE_INTERNAL ; s103  ; -    ; -  ;
+---------------------------+-------+------+----+


+-----------------------------------------------------------------------------+
; Source assignments for LPM_COUNTER:inst42|lpm_add_sub:add_sub|addcore:adder ;
+---------------------------+-------+------+----------------------------------+
; Assignment                ; Value ; From ; To                               ;
+---------------------------+-------+------+----------------------------------+
; SUPPRESS_DA_RULE_INTERNAL ; A103  ; -    ; -                                ;
+---------------------------+-------+------+----------------------------------+


+----------------------------------------------------------------------------------------------+
; Source assignments for LPM_COUNTER:inst42|lpm_add_sub:add_sub|addcore:adder|addcore:adder[0] ;
+---------------------------+-------+------+---------------------------------------------------+
; Assignment                ; Value ; From ; To                                                ;
+---------------------------+-------+------+---------------------------------------------------+
; SUPPRESS_DA_RULE_INTERNAL ; A103  ; -    ; -                                                 ;
+---------------------------+-------+------+---------------------------------------------------+


+-----------------------------------------------+
; Source assignments for LPM_COUNTER:inst22     ;
+---------------------------+-------+------+----+
; Assignment                ; Value ; From ; To ;
+---------------------------+-------+------+----+
; SUPPRESS_DA_RULE_INTERNAL ; a101  ; -    ; -  ;
; SUPPRESS_DA_RULE_INTERNAL ; s102  ; -    ; -  ;
; SUPPRESS_DA_RULE_INTERNAL ; s103  ; -    ; -  ;
+---------------------------+-------+------+----+


+-----------------------------------------------------------------------------+
; Source assignments for LPM_COUNTER:inst22|lpm_add_sub:add_sub|addcore:adder ;
+---------------------------+-------+------+----------------------------------+
; Assignment                ; Value ; From ; To                               ;
+---------------------------+-------+------+----------------------------------+
; SUPPRESS_DA_RULE_INTERNAL ; A103  ; -    ; -                                ;
+---------------------------+-------+------+----------------------------------+


+----------------------------------------------------------------------------------------------+
; Source assignments for LPM_COUNTER:inst22|lpm_add_sub:add_sub|addcore:adder|addcore:adder[0] ;
+---------------------------+-------+------+---------------------------------------------------+
; Assignment                ; Value ; From ; To                                                ;
+---------------------------+-------+------+---------------------------------------------------+
; SUPPRESS_DA_RULE_INTERNAL ; A103  ; -    ; -                                                 ;
+---------------------------+-------+------+---------------------------------------------------+


+-----------------------------------------------+
; Source assignments for LPM_COUNTER:inst23     ;
+---------------------------+-------+------+----+
; Assignment                ; Value ; From ; To ;
+---------------------------+-------+------+----+
; SUPPRESS_DA_RULE_INTERNAL ; a101  ; -    ; -  ;
; SUPPRESS_DA_RULE_INTERNAL ; s102  ; -    ; -  ;
; SUPPRESS_DA_RULE_INTERNAL ; s103  ; -    ; -  ;
+---------------------------+-------+------+----+


+-----------------------------------------------------------------------------+
; Source assignments for LPM_COUNTER:inst23|lpm_add_sub:add_sub|addcore:adder ;
+---------------------------+-------+------+----------------------------------+
; Assignment                ; Value ; From ; To                               ;
+---------------------------+-------+------+----------------------------------+
; SUPPRESS_DA_RULE_INTERNAL ; A103  ; -    ; -                                ;
+---------------------------+-------+------+----------------------------------+


+----------------------------------------------------------------------------------------------+
; Source assignments for LPM_COUNTER:inst23|lpm_add_sub:add_sub|addcore:adder|addcore:adder[0] ;
+---------------------------+-------+------+---------------------------------------------------+
; Assignment                ; Value ; From ; To                                                ;
+---------------------------+-------+------+---------------------------------------------------+
; SUPPRESS_DA_RULE_INTERNAL ; A103  ; -    ; -                                                 ;
+---------------------------+-------+------+---------------------------------------------------+


+-----------------------------------------------+
; Source assignments for LPM_COUNTER:inst24     ;
+---------------------------+-------+------+----+
; Assignment                ; Value ; From ; To ;
+---------------------------+-------+------+----+
; SUPPRESS_DA_RULE_INTERNAL ; a101  ; -    ; -  ;
; SUPPRESS_DA_RULE_INTERNAL ; s102  ; -    ; -  ;
; SUPPRESS_DA_RULE_INTERNAL ; s103  ; -    ; -  ;
+---------------------------+-------+------+----+


+-----------------------------------------------------------------------------+
; Source assignments for LPM_COUNTER:inst24|lpm_add_sub:add_sub|addcore:adder ;
+---------------------------+-------+------+----------------------------------+
; Assignment                ; Value ; From ; To                               ;
+---------------------------+-------+------+----------------------------------+
; SUPPRESS_DA_RULE_INTERNAL ; A103  ; -    ; -                                ;
+---------------------------+-------+------+----------------------------------+


+----------------------------------------------------------------------------------------------+
; Source assignments for LPM_COUNTER:inst24|lpm_add_sub:add_sub|addcore:adder|addcore:adder[0] ;
+---------------------------+-------+------+---------------------------------------------------+
; Assignment                ; Value ; From ; To                                                ;
+---------------------------+-------+------+---------------------------------------------------+
; SUPPRESS_DA_RULE_INTERNAL ; A103  ; -    ; -                                                 ;
+---------------------------+-------+------+---------------------------------------------------+


+-----------------------------------------------+
; Source assignments for LPM_COUNTER:inst25     ;
+---------------------------+-------+------+----+
; Assignment                ; Value ; From ; To ;
+---------------------------+-------+------+----+
; SUPPRESS_DA_RULE_INTERNAL ; a101  ; -    ; -  ;
; SUPPRESS_DA_RULE_INTERNAL ; s102  ; -    ; -  ;
; SUPPRESS_DA_RULE_INTERNAL ; s103  ; -    ; -  ;
+---------------------------+-------+------+----+


+-----------------------------------------------------------------------------+
; Source assignments for LPM_COUNTER:inst25|lpm_add_sub:add_sub|addcore:adder ;
+---------------------------+-------+------+----------------------------------+
; Assignment                ; Value ; From ; To                               ;
+---------------------------+-------+------+----------------------------------+
; SUPPRESS_DA_RULE_INTERNAL ; A103  ; -    ; -                                ;
+---------------------------+-------+------+----------------------------------+


+----------------------------------------------------------------------------------------------+
; Source assignments for LPM_COUNTER:inst25|lpm_add_sub:add_sub|addcore:adder|addcore:adder[0] ;
+---------------------------+-------+------+---------------------------------------------------+
; Assignment                ; Value ; From ; To                                                ;
+---------------------------+-------+------+---------------------------------------------------+
; SUPPRESS_DA_RULE_INTERNAL ; A103  ; -    ; -                                                 ;
+---------------------------+-------+------+---------------------------------------------------+


+-----------------------------------------------+
; Source assignments for LPM_COUNTER:inst26     ;
+---------------------------+-------+------+----+
; Assignment                ; Value ; From ; To ;
+---------------------------+-------+------+----+
; SUPPRESS_DA_RULE_INTERNAL ; a101  ; -    ; -  ;
; SUPPRESS_DA_RULE_INTERNAL ; s102  ; -    ; -  ;
; SUPPRESS_DA_RULE_INTERNAL ; s103  ; -    ; -  ;
+---------------------------+-------+------+----+


+-----------------------------------------------------------------------------+
; Source assignments for LPM_COUNTER:inst26|lpm_add_sub:add_sub|addcore:adder ;
+---------------------------+-------+------+----------------------------------+
; Assignment                ; Value ; From ; To                               ;
+---------------------------+-------+------+----------------------------------+
; SUPPRESS_DA_RULE_INTERNAL ; A103  ; -    ; -                                ;
+---------------------------+-------+------+----------------------------------+


+----------------------------------------------------------------------------------------------+
; Source assignments for LPM_COUNTER:inst26|lpm_add_sub:add_sub|addcore:adder|addcore:adder[0] ;
+---------------------------+-------+------+---------------------------------------------------+
; Assignment                ; Value ; From ; To                                                ;
+---------------------------+-------+------+---------------------------------------------------+
; SUPPRESS_DA_RULE_INTERNAL ; A103  ; -    ; -                                                 ;
+---------------------------+-------+------+---------------------------------------------------+


+-----------------------------------------------+
; Source assignments for LPM_COUNTER:inst27     ;
+---------------------------+-------+------+----+
; Assignment                ; Value ; From ; To ;
+---------------------------+-------+------+----+
; SUPPRESS_DA_RULE_INTERNAL ; a101  ; -    ; -  ;
; SUPPRESS_DA_RULE_INTERNAL ; s102  ; -    ; -  ;
; SUPPRESS_DA_RULE_INTERNAL ; s103  ; -    ; -  ;
+---------------------------+-------+------+----+


+-----------------------------------------------------------------------------+
; Source assignments for LPM_COUNTER:inst27|lpm_add_sub:add_sub|addcore:adder ;
+---------------------------+-------+------+----------------------------------+
; Assignment                ; Value ; From ; To                               ;
+---------------------------+-------+------+----------------------------------+
; SUPPRESS_DA_RULE_INTERNAL ; A103  ; -    ; -                                ;
+---------------------------+-------+------+----------------------------------+


+----------------------------------------------------------------------------------------------+
; Source assignments for LPM_COUNTER:inst27|lpm_add_sub:add_sub|addcore:adder|addcore:adder[0] ;
+---------------------------+-------+------+---------------------------------------------------+
; Assignment                ; Value ; From ; To                                                ;
+---------------------------+-------+------+---------------------------------------------------+
; SUPPRESS_DA_RULE_INTERNAL ; A103  ; -    ; -                                                 ;
+---------------------------+-------+------+---------------------------------------------------+


+-----------------------------------------------+
; Source assignments for LPM_COUNTER:inst21     ;
+---------------------------+-------+------+----+
; Assignment                ; Value ; From ; To ;
+---------------------------+-------+------+----+
; SUPPRESS_DA_RULE_INTERNAL ; a101  ; -    ; -  ;
; SUPPRESS_DA_RULE_INTERNAL ; s102  ; -    ; -  ;
; SUPPRESS_DA_RULE_INTERNAL ; s103  ; -    ; -  ;
+---------------------------+-------+------+----+


+-----------------------------------------------------------------------------+
; Source assignments for LPM_COUNTER:inst21|lpm_add_sub:add_sub|addcore:adder ;
+---------------------------+-------+------+----------------------------------+
; Assignment                ; Value ; From ; To                               ;
+---------------------------+-------+------+----------------------------------+
; SUPPRESS_DA_RULE_INTERNAL ; A103  ; -    ; -                                ;
+---------------------------+-------+------+----------------------------------+


+----------------------------------------------------------------------------------------------+
; Source assignments for LPM_COUNTER:inst21|lpm_add_sub:add_sub|addcore:adder|addcore:adder[0] ;
+---------------------------+-------+------+---------------------------------------------------+
; Assignment                ; Value ; From ; To                                                ;
+---------------------------+-------+------+---------------------------------------------------+
; SUPPRESS_DA_RULE_INTERNAL ; A103  ; -    ; -                                                 ;
+---------------------------+-------+------+---------------------------------------------------+


+-------------------------------------------------------------+
; Parameter Settings for User Entity Instance: LPM_MUX:inst13 ;
+------------------------+----------+-------------------------+
; Parameter Name         ; Value    ; Type                    ;
+------------------------+----------+-------------------------+
; AUTO_CARRY_CHAINS      ; ON       ; AUTO_CARRY              ;
; IGNORE_CARRY_BUFFERS   ; OFF      ; IGNORE_CARRY            ;
; AUTO_CASCADE_CHAINS    ; ON       ; AUTO_CASCADE            ;
; IGNORE_CASCADE_BUFFERS ; OFF      ; IGNORE_CASCADE          ;
; LPM_WIDTH              ; 4        ; Untyped                 ;
; LPM_SIZE               ; 8        ; Untyped                 ;
; LPM_WIDTHS             ; 3        ; Untyped                 ;
; LPM_PIPELINE           ; 0        ; Untyped                 ;
; CBXI_PARAMETER         ; mux_1cc  ; Untyped                 ;
; DEVICE_FAMILY          ; MAX7000S ; Untyped                 ;
+------------------------+----------+-------------------------+
Note: In order to hide this table in the UI and the text report file, please set the "Show Parameter Settings Tables in Synthesis Report" option in "Analysis and Synthesis Settings -> More Settings" to "Off".


+-------------------------------------------------------------+
; Parameter Settings for User Entity Instance: LPM_DFF:inst15 ;
+------------------------+----------+-------------------------+
; Parameter Name         ; Value    ; Type                    ;
+------------------------+----------+-------------------------+
; LPM_WIDTH              ; 32       ; Untyped                 ;
; LPM_AVALUE             ; 0        ; Untyped                 ;
; LPM_SVALUE             ; 0        ; Untyped                 ;
; DEVICE_FAMILY          ; MAX7000S ; Untyped                 ;
; AUTO_CARRY_CHAINS      ; ON       ; AUTO_CARRY              ;
; IGNORE_CARRY_BUFFERS   ; OFF      ; IGNORE_CARRY            ;
; AUTO_CASCADE_CHAINS    ; ON       ; AUTO_CASCADE            ;
; IGNORE_CASCADE_BUFFERS ; OFF      ; IGNORE_CASCADE          ;
+------------------------+----------+-------------------------+
Note: In order to hide this table in the UI and the text report file, please set the "Show Parameter Settings Tables in Synthesis Report" option in "Analysis and Synthesis Settings -> More Settings" to "Off".


+--------------------------------------------------------+
; Parameter Settings for User Entity Instance: MUX:inst5 ;
+----------------+-------+-------------------------------+
; Parameter Name ; Value ; Type                          ;
+----------------+-------+-------------------------------+
; WIDTH          ; 2     ; Untyped                       ;
; WIDTHS         ; 1     ; Untyped                       ;
+----------------+-------+-------------------------------+
Note: In order to hide this table in the UI and the text report file, please set the "Show Parameter Settings Tables in Synthesis Report" option in "Analysis and Synthesis Settings -> More Settings" to "Off".


+-----------------------------------------------------------------+
; Parameter Settings for User Entity Instance: LPM_COUNTER:inst20 ;
+------------------------+-------------------+--------------------+
; Parameter Name         ; Value             ; Type               ;
+------------------------+-------------------+--------------------+
; AUTO_CARRY_CHAINS      ; ON                ; AUTO_CARRY         ;
; IGNORE_CARRY_BUFFERS   ; OFF               ; IGNORE_CARRY       ;
; AUTO_CASCADE_CHAINS    ; ON                ; AUTO_CASCADE       ;
; IGNORE_CASCADE_BUFFERS ; OFF               ; IGNORE_CASCADE     ;
; LPM_WIDTH              ; 17                ; Untyped            ;
; LPM_DIRECTION          ; DEFAULT           ; Untyped            ;
; LPM_MODULUS            ; 64000             ; Untyped            ;
; LPM_AVALUE             ; UNUSED            ; Untyped            ;
; LPM_SVALUE             ; UNUSED            ; Untyped            ;
; LPM_PORT_UPDOWN        ; PORT_CONNECTIVITY ; Untyped            ;
; DEVICE_FAMILY          ; MAX7000S          ; Untyped            ;
; CARRY_CHAIN            ; MANUAL            ; Untyped            ;
; CARRY_CHAIN_LENGTH     ; 48                ; CARRY_CHAIN_LENGTH ;
; NOT_GATE_PUSH_BACK     ; ON                ; NOT_GATE_PUSH_BACK ;
; CARRY_CNT_EN           ; SMART             ; Untyped            ;
; LABWIDE_SCLR           ; ON                ; Untyped            ;
; USE_NEW_VERSION        ; TRUE              ; Untyped            ;
; CBXI_PARAMETER         ; NOTHING           ; Untyped            ;
+------------------------+-------------------+--------------------+
Note: In order to hide this table in the UI and the text report file, please set the "Show Parameter Settings Tables in Synthesis Report" option in "Analysis and Synthesis Settings -> More Settings" to "Off".


+-----------------------------------------------------------------+
; Parameter Settings for User Entity Instance: LPM_COUNTER:inst38 ;
+------------------------+-------------------+--------------------+
; Parameter Name         ; Value             ; Type               ;
+------------------------+-------------------+--------------------+
; AUTO_CARRY_CHAINS      ; ON                ; AUTO_CARRY         ;
; IGNORE_CARRY_BUFFERS   ; OFF               ; IGNORE_CARRY       ;
; AUTO_CASCADE_CHAINS    ; ON                ; AUTO_CASCADE       ;
; IGNORE_CASCADE_BUFFERS ; OFF               ; IGNORE_CASCADE     ;
; LPM_WIDTH              ; 3                 ; Untyped            ;
; LPM_DIRECTION          ; DEFAULT           ; Untyped            ;
; LPM_MODULUS            ; 0                 ; Untyped            ;
; LPM_AVALUE             ; UNUSED            ; Untyped            ;
; LPM_SVALUE             ; UNUSED            ; Untyped            ;
; LPM_PORT_UPDOWN        ; PORT_CONNECTIVITY ; Untyped            ;
; DEVICE_FAMILY          ; MAX7000S          ; Untyped            ;
; CARRY_CHAIN            ; MANUAL            ; Untyped            ;
; CARRY_CHAIN_LENGTH     ; 48                ; CARRY_CHAIN_LENGTH ;
; NOT_GATE_PUSH_BACK     ; ON                ; NOT_GATE_PUSH_BACK ;
; CARRY_CNT_EN           ; SMART             ; Untyped            ;
; LABWIDE_SCLR           ; ON                ; Untyped            ;
; USE_NEW_VERSION        ; TRUE              ; Untyped            ;
; CBXI_PARAMETER         ; NOTHING           ; Untyped            ;
+------------------------+-------------------+--------------------+
Note: In order to hide this table in the UI and the text report file, please set the "Show Parameter Settings Tables in Synthesis Report" option in "Analysis and Synthesis Settings -> More Settings" to "Off".


+-----------------------------------------------------------------+
; Parameter Settings for User Entity Instance: LPM_COUNTER:inst42 ;
+------------------------+-------------------+--------------------+
; Parameter Name         ; Value             ; Type               ;
+------------------------+-------------------+--------------------+
; AUTO_CARRY_CHAINS      ; ON                ; AUTO_CARRY         ;
; IGNORE_CARRY_BUFFERS   ; OFF               ; IGNORE_CARRY       ;
; AUTO_CASCADE_CHAINS    ; ON                ; AUTO_CASCADE       ;
; IGNORE_CASCADE_BUFFERS ; OFF               ; IGNORE_CASCADE     ;
; LPM_WIDTH              ; 7                 ; Untyped            ;
; LPM_DIRECTION          ; DEFAULT           ; Untyped            ;
; LPM_MODULUS            ; 125               ; Untyped            ;
; LPM_AVALUE             ; UNUSED            ; Untyped            ;
; LPM_SVALUE             ; UNUSED            ; Untyped            ;
; LPM_PORT_UPDOWN        ; PORT_CONNECTIVITY ; Untyped            ;
; DEVICE_FAMILY          ; MAX7000S          ; Untyped            ;
; CARRY_CHAIN            ; MANUAL            ; Untyped            ;
; CARRY_CHAIN_LENGTH     ; 48                ; CARRY_CHAIN_LENGTH ;
; NOT_GATE_PUSH_BACK     ; ON                ; NOT_GATE_PUSH_BACK ;
; CARRY_CNT_EN           ; SMART             ; Untyped            ;
; LABWIDE_SCLR           ; ON                ; Untyped            ;
; USE_NEW_VERSION        ; TRUE              ; Untyped            ;
; CBXI_PARAMETER         ; NOTHING           ; Untyped            ;
+------------------------+-------------------+--------------------+
Note: In order to hide this table in the UI and the text report file, please set the "Show Parameter Settings Tables in Synthesis Report" option in "Analysis and Synthesis Settings -> More Settings" to "Off".


+-----------------------------------------------------------------+
; Parameter Settings for User Entity Instance: LPM_COUNTER:inst22 ;
+------------------------+-------------------+--------------------+
; Parameter Name         ; Value             ; Type               ;
+------------------------+-------------------+--------------------+
; AUTO_CARRY_CHAINS      ; ON                ; AUTO_CARRY         ;
; IGNORE_CARRY_BUFFERS   ; OFF               ; IGNORE_CARRY       ;
; AUTO_CASCADE_CHAINS    ; ON                ; AUTO_CASCADE       ;
; IGNORE_CASCADE_BUFFERS ; OFF               ; IGNORE_CASCADE     ;
; LPM_WIDTH              ; 4                 ; Untyped            ;
; LPM_DIRECTION          ; DEFAULT           ; Untyped            ;
; LPM_MODULUS            ; 10                ; Untyped            ;
; LPM_AVALUE             ; UNUSED            ; Untyped            ;
; LPM_SVALUE             ; UNUSED            ; Untyped            ;
; LPM_PORT_UPDOWN        ; PORT_CONNECTIVITY ; Untyped            ;
; DEVICE_FAMILY          ; MAX7000S          ; Untyped            ;
; CARRY_CHAIN            ; MANUAL            ; Untyped            ;
; CARRY_CHAIN_LENGTH     ; 48                ; CARRY_CHAIN_LENGTH ;
; NOT_GATE_PUSH_BACK     ; ON                ; NOT_GATE_PUSH_BACK ;
; CARRY_CNT_EN           ; SMART             ; Untyped            ;
; LABWIDE_SCLR           ; ON                ; Untyped            ;
; USE_NEW_VERSION        ; TRUE              ; Untyped            ;
; CBXI_PARAMETER         ; NOTHING           ; Untyped            ;
+------------------------+-------------------+--------------------+
Note: In order to hide this table in the UI and the text report file, please set the "Show Parameter Settings Tables in Synthesis Report" option in "Analysis and Synthesis Settings -> More Settings" to "Off".


+--------------------------------------------------------+
; Parameter Settings for User Entity Instance: MUX:inst2 ;
+----------------+-------+-------------------------------+
; Parameter Name ; Value ; Type                          ;
+----------------+-------+-------------------------------+
; WIDTH          ; 2     ; Untyped                       ;
; WIDTHS         ; 1     ; Untyped                       ;
+----------------+-------+-------------------------------+
Note: In order to hide this table in the UI and the text report file, please set the "Show Parameter Settings Tables in Synthesis Report" option in "Analysis and Synthesis Settings -> More Settings" to "Off".


+-----------------------------------------------------------------+
; Parameter Settings for User Entity Instance: LPM_COUNTER:inst23 ;
+------------------------+-------------------+--------------------+
; Parameter Name         ; Value             ; Type               ;
+------------------------+-------------------+--------------------+
; AUTO_CARRY_CHAINS      ; ON                ; AUTO_CARRY         ;
; IGNORE_CARRY_BUFFERS   ; OFF               ; IGNORE_CARRY       ;
; AUTO_CASCADE_CHAINS    ; ON                ; AUTO_CASCADE       ;
; IGNORE_CASCADE_BUFFERS ; OFF               ; IGNORE_CASCADE     ;
; LPM_WIDTH              ; 4                 ; Untyped            ;
; LPM_DIRECTION          ; DEFAULT           ; Untyped            ;
; LPM_MODULUS            ; 10                ; Untyped            ;
; LPM_AVALUE             ; UNUSED            ; Untyped            ;
; LPM_SVALUE             ; UNUSED            ; Untyped            ;
; LPM_PORT_UPDOWN        ; PORT_CONNECTIVITY ; Untyped            ;
; DEVICE_FAMILY          ; MAX7000S          ; Untyped            ;
; CARRY_CHAIN            ; MANUAL            ; Untyped            ;
; CARRY_CHAIN_LENGTH     ; 48                ; CARRY_CHAIN_LENGTH ;
; NOT_GATE_PUSH_BACK     ; ON                ; NOT_GATE_PUSH_BACK ;
; CARRY_CNT_EN           ; SMART             ; Untyped            ;
; LABWIDE_SCLR           ; ON                ; Untyped            ;
; USE_NEW_VERSION        ; TRUE              ; Untyped            ;
; CBXI_PARAMETER         ; NOTHING           ; Untyped            ;
+------------------------+-------------------+--------------------+
Note: In order to hide this table in the UI and the text report file, please set the "Show Parameter Settings Tables in Synthesis Report" option in "Analysis and Synthesis Settings -> More Settings" to "Off".


+-----------------------------------------------------------------+
; Parameter Settings for User Entity Instance: LPM_COUNTER:inst24 ;
+------------------------+-------------------+--------------------+
; Parameter Name         ; Value             ; Type               ;
+------------------------+-------------------+--------------------+
; AUTO_CARRY_CHAINS      ; ON                ; AUTO_CARRY         ;
; IGNORE_CARRY_BUFFERS   ; OFF               ; IGNORE_CARRY       ;
; AUTO_CASCADE_CHAINS    ; ON                ; AUTO_CASCADE       ;
; IGNORE_CASCADE_BUFFERS ; OFF               ; IGNORE_CASCADE     ;
; LPM_WIDTH              ; 4                 ; Untyped            ;
; LPM_DIRECTION          ; DEFAULT           ; Untyped            ;
; LPM_MODULUS            ; 10                ; Untyped            ;
; LPM_AVALUE             ; UNUSED            ; Untyped            ;
; LPM_SVALUE             ; UNUSED            ; Untyped            ;
; LPM_PORT_UPDOWN        ; PORT_CONNECTIVITY ; Untyped            ;
; DEVICE_FAMILY          ; MAX7000S          ; Untyped            ;
; CARRY_CHAIN            ; MANUAL            ; Untyped            ;
; CARRY_CHAIN_LENGTH     ; 48                ; CARRY_CHAIN_LENGTH ;
; NOT_GATE_PUSH_BACK     ; ON                ; NOT_GATE_PUSH_BACK ;
; CARRY_CNT_EN           ; SMART             ; Untyped            ;
; LABWIDE_SCLR           ; ON                ; Untyped            ;
; USE_NEW_VERSION        ; TRUE              ; Untyped            ;
; CBXI_PARAMETER         ; NOTHING           ; Untyped            ;
+------------------------+-------------------+--------------------+
Note: In order to hide this table in the UI and the text report file, please set the "Show Parameter Settings Tables in Synthesis Report" option in "Analysis and Synthesis Settings -> More Settings" to "Off".


+-----------------------------------------------------------------+
; Parameter Settings for User Entity Instance: LPM_COUNTER:inst25 ;
+------------------------+-------------------+--------------------+
; Parameter Name         ; Value             ; Type               ;
+------------------------+-------------------+--------------------+
; AUTO_CARRY_CHAINS      ; ON                ; AUTO_CARRY         ;
; IGNORE_CARRY_BUFFERS   ; OFF               ; IGNORE_CARRY       ;
; AUTO_CASCADE_CHAINS    ; ON                ; AUTO_CASCADE       ;
; IGNORE_CASCADE_BUFFERS ; OFF               ; IGNORE_CASCADE     ;
; LPM_WIDTH              ; 4                 ; Untyped            ;
; LPM_DIRECTION          ; DEFAULT           ; Untyped            ;
; LPM_MODULUS            ; 10                ; Untyped            ;
; LPM_AVALUE             ; UNUSED            ; Untyped            ;
; LPM_SVALUE             ; UNUSED            ; Untyped            ;
; LPM_PORT_UPDOWN        ; PORT_CONNECTIVITY ; Untyped            ;
; DEVICE_FAMILY          ; MAX7000S          ; Untyped            ;
; CARRY_CHAIN            ; MANUAL            ; Untyped            ;
; CARRY_CHAIN_LENGTH     ; 48                ; CARRY_CHAIN_LENGTH ;
; NOT_GATE_PUSH_BACK     ; ON                ; NOT_GATE_PUSH_BACK ;
; CARRY_CNT_EN           ; SMART             ; Untyped            ;
; LABWIDE_SCLR           ; ON                ; Untyped            ;
; USE_NEW_VERSION        ; TRUE              ; Untyped            ;
; CBXI_PARAMETER         ; NOTHING           ; Untyped            ;
+------------------------+-------------------+--------------------+
Note: In order to hide this table in the UI and the text report file, please set the "Show Parameter Settings Tables in Synthesis Report" option in "Analysis and Synthesis Settings -> More Settings" to "Off".


+-----------------------------------------------------------------+
; Parameter Settings for User Entity Instance: LPM_COUNTER:inst26 ;
+------------------------+-------------------+--------------------+
; Parameter Name         ; Value             ; Type               ;
+------------------------+-------------------+--------------------+
; AUTO_CARRY_CHAINS      ; ON                ; AUTO_CARRY         ;
; IGNORE_CARRY_BUFFERS   ; OFF               ; IGNORE_CARRY       ;
; AUTO_CASCADE_CHAINS    ; ON                ; AUTO_CASCADE       ;
; IGNORE_CASCADE_BUFFERS ; OFF               ; IGNORE_CASCADE     ;
; LPM_WIDTH              ; 4                 ; Untyped            ;
; LPM_DIRECTION          ; DEFAULT           ; Untyped            ;
; LPM_MODULUS            ; 10                ; Untyped            ;
; LPM_AVALUE             ; UNUSED            ; Untyped            ;
; LPM_SVALUE             ; UNUSED            ; Untyped            ;
; LPM_PORT_UPDOWN        ; PORT_CONNECTIVITY ; Untyped            ;
; DEVICE_FAMILY          ; MAX7000S          ; Untyped            ;
; CARRY_CHAIN            ; MANUAL            ; Untyped            ;
; CARRY_CHAIN_LENGTH     ; 48                ; CARRY_CHAIN_LENGTH ;
; NOT_GATE_PUSH_BACK     ; ON                ; NOT_GATE_PUSH_BACK ;
; CARRY_CNT_EN           ; SMART             ; Untyped            ;
; LABWIDE_SCLR           ; ON                ; Untyped            ;
; USE_NEW_VERSION        ; TRUE              ; Untyped            ;
; CBXI_PARAMETER         ; NOTHING           ; Untyped            ;
+------------------------+-------------------+--------------------+
Note: In order to hide this table in the UI and the text report file, please set the "Show Parameter Settings Tables in Synthesis Report" option in "Analysis and Synthesis Settings -> More Settings" to "Off".


+-----------------------------------------------------------------+
; Parameter Settings for User Entity Instance: LPM_COUNTER:inst27 ;
+------------------------+-------------------+--------------------+
; Parameter Name         ; Value             ; Type               ;
+------------------------+-------------------+--------------------+
; AUTO_CARRY_CHAINS      ; ON                ; AUTO_CARRY         ;
; IGNORE_CARRY_BUFFERS   ; OFF               ; IGNORE_CARRY       ;
; AUTO_CASCADE_CHAINS    ; ON                ; AUTO_CASCADE       ;
; IGNORE_CASCADE_BUFFERS ; OFF               ; IGNORE_CASCADE     ;
; LPM_WIDTH              ; 4                 ; Untyped            ;
; LPM_DIRECTION          ; DEFAULT           ; Untyped            ;
; LPM_MODULUS            ; 10                ; Untyped            ;
; LPM_AVALUE             ; UNUSED            ; Untyped            ;
; LPM_SVALUE             ; UNUSED            ; Untyped            ;
; LPM_PORT_UPDOWN        ; PORT_CONNECTIVITY ; Untyped            ;
; DEVICE_FAMILY          ; MAX7000S          ; Untyped            ;
; CARRY_CHAIN            ; MANUAL            ; Untyped            ;
; CARRY_CHAIN_LENGTH     ; 48                ; CARRY_CHAIN_LENGTH ;
; NOT_GATE_PUSH_BACK     ; ON                ; NOT_GATE_PUSH_BACK ;
; CARRY_CNT_EN           ; SMART             ; Untyped            ;
; LABWIDE_SCLR           ; ON                ; Untyped            ;
; USE_NEW_VERSION        ; TRUE              ; Untyped            ;
; CBXI_PARAMETER         ; NOTHING           ; Untyped            ;
+------------------------+-------------------+--------------------+
Note: In order to hide this table in the UI and the text report file, please set the "Show Parameter Settings Tables in Synthesis Report" option in "Analysis and Synthesis Settings -> More Settings" to "Off".


+-----------------------------------------------------------------+
; Parameter Settings for User Entity Instance: LPM_COUNTER:inst21 ;
+------------------------+-------------------+--------------------+
; Parameter Name         ; Value             ; Type               ;
+------------------------+-------------------+--------------------+
; AUTO_CARRY_CHAINS      ; ON                ; AUTO_CARRY         ;
; IGNORE_CARRY_BUFFERS   ; OFF               ; IGNORE_CARRY       ;
; AUTO_CASCADE_CHAINS    ; ON                ; AUTO_CASCADE       ;
; IGNORE_CASCADE_BUFFERS ; OFF               ; IGNORE_CASCADE     ;
; LPM_WIDTH              ; 3                 ; Untyped            ;
; LPM_DIRECTION          ; DEFAULT           ; Untyped            ;
; LPM_MODULUS            ; 6                 ; Untyped            ;
; LPM_AVALUE             ; UNUSED            ; Untyped            ;
; LPM_SVALUE             ; UNUSED            ; Untyped            ;
; LPM_PORT_UPDOWN        ; PORT_CONNECTIVITY ; Untyped            ;
; DEVICE_FAMILY          ; MAX7000S          ; Untyped            ;
; CARRY_CHAIN            ; MANUAL            ; Untyped            ;
; CARRY_CHAIN_LENGTH     ; 48                ; CARRY_CHAIN_LENGTH ;
; NOT_GATE_PUSH_BACK     ; ON                ; NOT_GATE_PUSH_BACK ;
; CARRY_CNT_EN           ; SMART             ; Untyped            ;
; LABWIDE_SCLR           ; ON                ; Untyped            ;
; USE_NEW_VERSION        ; TRUE              ; Untyped            ;
; CBXI_PARAMETER         ; NOTHING           ; Untyped            ;
+------------------------+-------------------+--------------------+
Note: In order to hide this table in the UI and the text report file, please set the "Show Parameter Settings Tables in Synthesis Report" option in "Analysis and Synthesis Settings -> More Settings" to "Off".


+---------------------------------------------------------------+
; Parameter Settings for User Entity Instance: LPM_DECODE:inst3 ;
+------------------------+------------+-------------------------+
; Parameter Name         ; Value      ; Type                    ;
+------------------------+------------+-------------------------+
; LPM_WIDTH              ; 3          ; Untyped                 ;
; LPM_DECODES            ; 8          ; Untyped                 ;
; LPM_PIPELINE           ; 0          ; Untyped                 ;
; CASCADE_CHAIN          ; MANUAL     ; Untyped                 ;
; DEVICE_FAMILY          ; MAX7000S   ; Untyped                 ;
; CBXI_PARAMETER         ; decode_tre ; Untyped                 ;
; AUTO_CARRY_CHAINS      ; ON         ; AUTO_CARRY              ;
; IGNORE_CARRY_BUFFERS   ; OFF        ; IGNORE_CARRY            ;
; AUTO_CASCADE_CHAINS    ; ON         ; AUTO_CASCADE            ;
; IGNORE_CASCADE_BUFFERS ; OFF        ; IGNORE_CASCADE          ;
+------------------------+------------+-------------------------+
Note: In order to hide this table in the UI and the text report file, please set the "Show Parameter Settings Tables in Synthesis Report" option in "Analysis and Synthesis Settings -> More Settings" to "Off".


+-------------------------------+
; Analysis & Synthesis Messages ;
+-------------------------------+
Info: *******************************************************************
Info: Running Quartus II Analysis & Synthesis
    Info: Version 9.1 Build 222 10/21/2009 SJ Full Version
    Info: Processing started: Wed Jul 27 19:42:25 2011
Info: Command: quartus_map --read_settings_files=on --write_settings_files=off max2 -c max2
Info: Parallel compilation is enabled and will use 2 of the 2 processors detected
Info: Found 1 design units, including 1 entities, in source file max2.bdf
    Info: Found entity 1: max2
Info: Found 1 design units, including 1 entities, in source file decimal_indicator.v
    Info: Found entity 1: decimal_indicator
Info: Elaborating entity "max2" for the top level hierarchy
Warning: Not all bits in bus "f0[9..0]" are used
Warning: Not all bits in bus "f1[5..0]" are used
Warning: Not all bits in bus "f2[9..0]" are used
Warning: Not all bits in bus "f3[9..0]" are used
Warning: Not all bits in bus "f4[9..0]" are used
Warning: Not all bits in bus "f5[9..0]" are used
Info: Elaborating entity "decimal_indicator" for hierarchy "decimal_indicator:inst8"
Info: Elaborating entity "LPM_MUX" for hierarchy "LPM_MUX:inst13"
Info: Elaborated megafunction instantiation "LPM_MUX:inst13"
Info: Instantiated megafunction "LPM_MUX:inst13" with the following parameter:
    Info: Parameter "LPM_SIZE" = "8"
    Info: Parameter "LPM_WIDTH" = "4"
    Info: Parameter "LPM_WIDTHS" = "3"
Info: Elaborating entity "bypassff" for hierarchy "LPM_MUX:inst13|bypassff:sel_latency_ff[0]"
Info: Elaborated megafunction instantiation "LPM_MUX:inst13|bypassff:sel_latency_ff[0]", which is child of megafunction instantiation "LPM_MUX:inst13"
Info: Elaborating entity "altshift" for hierarchy "LPM_MUX:inst13|altshift:external_latency_ffs"
Info: Elaborated megafunction instantiation "LPM_MUX:inst13|altshift:external_latency_ffs", which is child of megafunction instantiation "LPM_MUX:inst13"
Info: Elaborating entity "muxlut" for hierarchy "LPM_MUX:inst13|muxlut:$00010"
Info: Elaborated megafunction instantiation "LPM_MUX:inst13|muxlut:$00010", which is child of megafunction instantiation "LPM_MUX:inst13"
Info: Elaborating entity "muxlut" for hierarchy "LPM_MUX:inst13|muxlut:$00010|muxlut:$00012"
Info: Elaborated megafunction instantiation "LPM_MUX:inst13|muxlut:$00010|muxlut:$00012", which is child of megafunction instantiation "LPM_MUX:inst13"
Info: Elaborating entity "muxlut" for hierarchy "LPM_MUX:inst13|muxlut:$00010|muxlut:$00016"
Info: Elaborated megafunction instantiation "LPM_MUX:inst13|muxlut:$00010|muxlut:$00016", which is child of megafunction instantiation "LPM_MUX:inst13"
Info: Elaborating entity "LPM_DFF" for hierarchy "LPM_DFF:inst15"
Info: Elaborated megafunction instantiation "LPM_DFF:inst15"
Info: Instantiated megafunction "LPM_DFF:inst15" with the following parameter:
    Info: Parameter "LPM_WIDTH" = "32"
Info: Elaborating entity "MUX" for hierarchy "MUX:inst5"
Info: Elaborated megafunction instantiation "MUX:inst5"
Info: Instantiated megafunction "MUX:inst5" with the following parameter:
    Info: Parameter "WIDTH" = "2"
    Info: Parameter "WIDTHS" = "1"
Info: Elaborating entity "LPM_MUX" for hierarchy "MUX:inst5|LPM_MUX:$00001"
Info: Elaborated megafunction instantiation "MUX:inst5|LPM_MUX:$00001", which is child of megafunction instantiation "MUX:inst5"
Info: Elaborating entity "altshift" for hierarchy "MUX:inst5|LPM_MUX:$00001|altshift:external_latency_ffs"
Info: Elaborated megafunction instantiation "MUX:inst5|LPM_MUX:$00001|altshift:external_latency_ffs", which is child of megafunction instantiation "MUX:inst5"
Info: Elaborating entity "muxlut" for hierarchy "MUX:inst5|LPM_MUX:$00001|muxlut:$00009"
Info: Elaborated megafunction instantiation "MUX:inst5|LPM_MUX:$00001|muxlut:$00009", which is child of megafunction instantiation "MUX:inst5"
Info: Elaborating entity "LPM_COUNTER" for hierarchy "LPM_COUNTER:inst20"
Info: Elaborated megafunction instantiation "LPM_COUNTER:inst20"
Info: Instantiated megafunction "LPM_COUNTER:inst20" with the following parameter:
    Info: Parameter "LPM_MODULUS" = "64000"
    Info: Parameter "LPM_WIDTH" = "17"
Info: Elaborating entity "lpm_add_sub" for hierarchy "LPM_COUNTER:inst20|lpm_add_sub:add_sub"
Info: Elaborated megafunction instantiation "LPM_COUNTER:inst20|lpm_add_sub:add_sub", which is child of megafunction instantiation "LPM_COUNTER:inst20"
Info: Elaborating entity "addcore" for hierarchy "LPM_COUNTER:inst20|lpm_add_sub:add_sub|addcore:adder[2]"
Info: Elaborated megafunction instantiation "LPM_COUNTER:inst20|lpm_add_sub:add_sub|addcore:adder[2]", which is child of megafunction instantiation "LPM_COUNTER:inst20"
Info: Elaborating entity "a_csnbuffer" for hierarchy "LPM_COUNTER:inst20|lpm_add_sub:add_sub|addcore:adder[2]|a_csnbuffer:oflow_node"
Info: Elaborated megafunction instantiation "LPM_COUNTER:inst20|lpm_add_sub:add_sub|addcore:adder[2]|a_csnbuffer:oflow_node", which is child of megafunction instantiation "LPM_COUNTER:inst20"
Info: Elaborating entity "a_csnbuffer" for hierarchy "LPM_COUNTER:inst20|lpm_add_sub:add_sub|addcore:adder[2]|a_csnbuffer:result_node"
Info: Elaborated megafunction instantiation "LPM_COUNTER:inst20|lpm_add_sub:add_sub|addcore:adder[2]|a_csnbuffer:result_node", which is child of megafunction instantiation "LPM_COUNTER:inst20"
Info: Elaborating entity "addcore" for hierarchy "LPM_COUNTER:inst20|lpm_add_sub:add_sub|addcore:adder[1]"
Info: Elaborated megafunction instantiation "LPM_COUNTER:inst20|lpm_add_sub:add_sub|addcore:adder[1]", which is child of megafunction instantiation "LPM_COUNTER:inst20"
Info: Elaborating entity "look_add" for hierarchy "LPM_COUNTER:inst20|lpm_add_sub:add_sub|look_add:look_ahead_unit"
Info: Elaborated megafunction instantiation "LPM_COUNTER:inst20|lpm_add_sub:add_sub|look_add:look_ahead_unit", which is child of megafunction instantiation "LPM_COUNTER:inst20"
Info: Elaborating entity "altshift" for hierarchy "LPM_COUNTER:inst20|lpm_add_sub:add_sub|altshift:result_ext_latency_ffs"
Info: Elaborated megafunction instantiation "LPM_COUNTER:inst20|lpm_add_sub:add_sub|altshift:result_ext_latency_ffs", which is child of megafunction instantiation "LPM_COUNTER:inst20"
Info: Elaborating entity "lpm_constant" for hierarchy "LPM_COUNTER:inst20|lpm_constant:scdw"
Info: Elaborated megafunction instantiation "LPM_COUNTER:inst20|lpm_constant:scdw", which is child of megafunction instantiation "LPM_COUNTER:inst20"
Info: Elaborating entity "cmpconst" for hierarchy "LPM_COUNTER:inst20|cmpconst:$00036"
Info: Elaborated megafunction instantiation "LPM_COUNTER:inst20|cmpconst:$00036", which is child of megafunction instantiation "LPM_COUNTER:inst20"
Info: Elaborating entity "LPM_COUNTER" for hierarchy "LPM_COUNTER:inst38"
Info: Elaborated megafunction instantiation "LPM_COUNTER:inst38"
Info: Instantiated megafunction "LPM_COUNTER:inst38" with the following parameter:
    Info: Parameter "LPM_WIDTH" = "3"
Info: Elaborating entity "LPM_COUNTER" for hierarchy "LPM_COUNTER:inst42"
Info: Elaborated megafunction instantiation "LPM_COUNTER:inst42"
Info: Instantiated megafunction "LPM_COUNTER:inst42" with the following parameter:
    Info: Parameter "LPM_MODULUS" = "125"
    Info: Parameter "LPM_WIDTH" = "7"
Info: Elaborating entity "lpm_add_sub" for hierarchy "LPM_COUNTER:inst42|lpm_add_sub:add_sub"
Info: Elaborated megafunction instantiation "LPM_COUNTER:inst42|lpm_add_sub:add_sub", which is child of megafunction instantiation "LPM_COUNTER:inst42"
Info: Elaborating entity "addcore" for hierarchy "LPM_COUNTER:inst42|lpm_add_sub:add_sub|addcore:adder"
Info: Elaborated megafunction instantiation "LPM_COUNTER:inst42|lpm_add_sub:add_sub|addcore:adder", which is child of megafunction instantiation "LPM_COUNTER:inst42"
Info: Elaborating entity "a_csnbuffer" for hierarchy "LPM_COUNTER:inst42|lpm_add_sub:add_sub|addcore:adder|a_csnbuffer:oflow_node"
Info: Elaborated megafunction instantiation "LPM_COUNTER:inst42|lpm_add_sub:add_sub|addcore:adder|a_csnbuffer:oflow_node", which is child of megafunction instantiation "LPM_COUNTER:inst42"
Info: Elaborating entity "a_csnbuffer" for hierarchy "LPM_COUNTER:inst42|lpm_add_sub:add_sub|addcore:adder|a_csnbuffer:result_node"
Info: Elaborated megafunction instantiation "LPM_COUNTER:inst42|lpm_add_sub:add_sub|addcore:adder|a_csnbuffer:result_node", which is child of megafunction instantiation "LPM_COUNTER:inst42"
Info: Elaborating entity "addcore" for hierarchy "LPM_COUNTER:inst42|lpm_add_sub:add_sub|addcore:adder|addcore:adder[0]"
Info: Elaborated megafunction instantiation "LPM_COUNTER:inst42|lpm_add_sub:add_sub|addcore:adder|addcore:adder[0]", which is child of megafunction instantiation "LPM_COUNTER:inst42"
Info: Elaborating entity "altshift" for hierarchy "LPM_COUNTER:inst42|lpm_add_sub:add_sub|altshift:result_ext_latency_ffs"
Info: Elaborated megafunction instantiation "LPM_COUNTER:inst42|lpm_add_sub:add_sub|altshift:result_ext_latency_ffs", which is child of megafunction instantiation "LPM_COUNTER:inst42"
Info: Elaborating entity "lpm_constant" for hierarchy "LPM_COUNTER:inst42|lpm_constant:scdw"
Info: Elaborated megafunction instantiation "LPM_COUNTER:inst42|lpm_constant:scdw", which is child of megafunction instantiation "LPM_COUNTER:inst42"
Info: Elaborating entity "cmpconst" for hierarchy "LPM_COUNTER:inst42|cmpconst:$00036"
Info: Elaborated megafunction instantiation "LPM_COUNTER:inst42|cmpconst:$00036", which is child of megafunction instantiation "LPM_COUNTER:inst42"
Info: Elaborating entity "LPM_COUNTER" for hierarchy "LPM_COUNTER:inst22"
Info: Elaborated megafunction instantiation "LPM_COUNTER:inst22"
Info: Instantiated megafunction "LPM_COUNTER:inst22" with the following parameter:
    Info: Parameter "LPM_MODULUS" = "10"
    Info: Parameter "LPM_WIDTH" = "4"
Info: Elaborating entity "lpm_add_sub" for hierarchy "LPM_COUNTER:inst22|lpm_add_sub:add_sub"
Info: Elaborated megafunction instantiation "LPM_COUNTER:inst22|lpm_add_sub:add_sub", which is child of megafunction instantiation "LPM_COUNTER:inst22"
Info: Elaborating entity "addcore" for hierarchy "LPM_COUNTER:inst22|lpm_add_sub:add_sub|addcore:adder"
Info: Elaborated megafunction instantiation "LPM_COUNTER:inst22|lpm_add_sub:add_sub|addcore:adder", which is child of megafunction instantiation "LPM_COUNTER:inst22"
Info: Elaborating entity "a_csnbuffer" for hierarchy "LPM_COUNTER:inst22|lpm_add_sub:add_sub|addcore:adder|a_csnbuffer:oflow_node"
Info: Elaborated megafunction instantiation "LPM_COUNTER:inst22|lpm_add_sub:add_sub|addcore:adder|a_csnbuffer:oflow_node", which is child of megafunction instantiation "LPM_COUNTER:inst22"
Info: Elaborating entity "a_csnbuffer" for hierarchy "LPM_COUNTER:inst22|lpm_add_sub:add_sub|addcore:adder|a_csnbuffer:result_node"
Info: Elaborated megafunction instantiation "LPM_COUNTER:inst22|lpm_add_sub:add_sub|addcore:adder|a_csnbuffer:result_node", which is child of megafunction instantiation "LPM_COUNTER:inst22"
Info: Elaborating entity "addcore" for hierarchy "LPM_COUNTER:inst22|lpm_add_sub:add_sub|addcore:adder|addcore:adder[0]"
Info: Elaborated megafunction instantiation "LPM_COUNTER:inst22|lpm_add_sub:add_sub|addcore:adder|addcore:adder[0]", which is child of megafunction instantiation "LPM_COUNTER:inst22"
Info: Elaborating entity "lpm_constant" for hierarchy "LPM_COUNTER:inst22|lpm_constant:scdw"
Info: Elaborated megafunction instantiation "LPM_COUNTER:inst22|lpm_constant:scdw", which is child of megafunction instantiation "LPM_COUNTER:inst22"
Info: Elaborating entity "cmpconst" for hierarchy "LPM_COUNTER:inst22|cmpconst:$00036"
Info: Elaborated megafunction instantiation "LPM_COUNTER:inst22|cmpconst:$00036", which is child of megafunction instantiation "LPM_COUNTER:inst22"
Info: Elaborating entity "LPM_COUNTER" for hierarchy "LPM_COUNTER:inst23"
Info: Elaborated megafunction instantiation "LPM_COUNTER:inst23"
Info: Instantiated megafunction "LPM_COUNTER:inst23" with the following parameter:
    Info: Parameter "LPM_MODULUS" = "10"
    Info: Parameter "LPM_WIDTH" = "4"
Info: Elaborating entity "LPM_COUNTER" for hierarchy "LPM_COUNTER:inst27"
Info: Elaborated megafunction instantiation "LPM_COUNTER:inst27"
Info: Instantiated megafunction "LPM_COUNTER:inst27" with the following parameter:
    Info: Parameter "LPM_MODULUS" = "10"
    Info: Parameter "LPM_WIDTH" = "4"
Info: Elaborating entity "LPM_COUNTER" for hierarchy "LPM_COUNTER:inst21"
Info: Elaborated megafunction instantiation "LPM_COUNTER:inst21"
Info: Instantiated megafunction "LPM_COUNTER:inst21" with the following parameter:
    Info: Parameter "LPM_MODULUS" = "6"
    Info: Parameter "LPM_WIDTH" = "3"
Info: Elaborating entity "lpm_add_sub" for hierarchy "LPM_COUNTER:inst21|lpm_add_sub:add_sub"
Info: Elaborated megafunction instantiation "LPM_COUNTER:inst21|lpm_add_sub:add_sub", which is child of megafunction instantiation "LPM_COUNTER:inst21"
Info: Elaborating entity "addcore" for hierarchy "LPM_COUNTER:inst21|lpm_add_sub:add_sub|addcore:adder"
Info: Elaborated megafunction instantiation "LPM_COUNTER:inst21|lpm_add_sub:add_sub|addcore:adder", which is child of megafunction instantiation "LPM_COUNTER:inst21"
Info: Elaborating entity "a_csnbuffer" for hierarchy "LPM_COUNTER:inst21|lpm_add_sub:add_sub|addcore:adder|a_csnbuffer:oflow_node"
Info: Elaborated megafunction instantiation "LPM_COUNTER:inst21|lpm_add_sub:add_sub|addcore:adder|a_csnbuffer:oflow_node", which is child of megafunction instantiation "LPM_COUNTER:inst21"
Info: Elaborating entity "a_csnbuffer" for hierarchy "LPM_COUNTER:inst21|lpm_add_sub:add_sub|addcore:adder|a_csnbuffer:result_node"
Info: Elaborated megafunction instantiation "LPM_COUNTER:inst21|lpm_add_sub:add_sub|addcore:adder|a_csnbuffer:result_node", which is child of megafunction instantiation "LPM_COUNTER:inst21"
Info: Elaborating entity "addcore" for hierarchy "LPM_COUNTER:inst21|lpm_add_sub:add_sub|addcore:adder|addcore:adder[0]"
Info: Elaborated megafunction instantiation "LPM_COUNTER:inst21|lpm_add_sub:add_sub|addcore:adder|addcore:adder[0]", which is child of megafunction instantiation "LPM_COUNTER:inst21"
Info: Elaborating entity "altshift" for hierarchy "LPM_COUNTER:inst21|lpm_add_sub:add_sub|altshift:result_ext_latency_ffs"
Info: Elaborated megafunction instantiation "LPM_COUNTER:inst21|lpm_add_sub:add_sub|altshift:result_ext_latency_ffs", which is child of megafunction instantiation "LPM_COUNTER:inst21"
Info: Elaborating entity "lpm_constant" for hierarchy "LPM_COUNTER:inst21|lpm_constant:scdw"
Info: Elaborated megafunction instantiation "LPM_COUNTER:inst21|lpm_constant:scdw", which is child of megafunction instantiation "LPM_COUNTER:inst21"
Info: Elaborating entity "cmpconst" for hierarchy "LPM_COUNTER:inst21|cmpconst:$00036"
Info: Elaborated megafunction instantiation "LPM_COUNTER:inst21|cmpconst:$00036", which is child of megafunction instantiation "LPM_COUNTER:inst21"
Info: Elaborating entity "LPM_DECODE" for hierarchy "LPM_DECODE:inst3"
Info: Elaborated megafunction instantiation "LPM_DECODE:inst3"
Info: Instantiated megafunction "LPM_DECODE:inst3" with the following parameter:
    Info: Parameter "LPM_DECODES" = "8"
    Info: Parameter "LPM_WIDTH" = "3"
Info: Found 1 design units, including 1 entities, in source file db/decode_tre.tdf
    Info: Found entity 1: decode_tre
Info: Elaborating entity "decode_tre" for hierarchy "LPM_DECODE:inst3|decode_tre:auto_generated"
Info: Found 1 design units, including 1 entities, in source file db/cmpr_3mc.tdf
    Info: Found entity 1: cmpr_3mc
Info: Elaborating entity "cmpr_3mc" for hierarchy "LPM_DECODE:inst3|decode_tre:auto_generated|cmpr_3mc:cmpr1"
Info: Ignored 58 buffer(s)
    Info: Ignored 58 SOFT buffer(s)
Info: Promoted pin-driven signal(s) to global signal
    Info: Promoted clock signal driven by pin "pt_right" to global clock signal
    Info: Promoted clock signal driven by pin "dp" to global clock signal
Info: Promoted pin-driven signal(s) to global signal
    Info: Promoted clock signal driven by pin "dp" to global clock signal
    Info: Promoted clock signal driven by pin "pt_right" to global clock signal
Info: Implemented 137 device resources after synthesis - the final resource count might be different
    Info: Implemented 3 input pins
    Info: Implemented 15 output pins
    Info: Implemented 115 macrocells
    Info: Implemented 4 shareable expanders
Info: Quartus II Analysis & Synthesis was successful. 0 errors, 6 warnings
    Info: Peak virtual memory: 201 megabytes
    Info: Processing ended: Wed Jul 27 19:42:42 2011
    Info: Elapsed time: 00:00:17
    Info: Total CPU time (on all processors): 00:00:10


